<?xml version="1.0" encoding="UTF-8"?>
<!-- Generated by org.testng.reporters.JUnitXMLReporter -->
<testsuite ignored="0" hostname="Prasad" failures="1" tests="8" name="Surefire test" time="17.829" errors="0" timestamp="2026-04-14T21:55:12 IST">
  <testcase classname="test.com.selenium.JQuerySelectDropdown_Test" name="testCategoryDropdownSelection" time="1.602"/>
  <testcase classname="test.com.selenium.JQuerySelectDropdown_Test" name="testDeSelectMultipleValuesDropdownSelection" time="3.217"/>
  <testcase classname="test.com.selenium.JQuerySelectDropdown_Test" name="testDisabledDropdownOption" time="0.86"/>
  <testcase classname="test.com.selenium.JQuerySelectDropdown_Test" name="testDropdownWithSearch" time="1.691"/>
  <testcase classname="test.com.selenium.JQuerySelectDropdown_Test" name="testMultipleValuesDropdownSelection" time="1.322"/>
  <testcase classname="test.com.selenium.JQuerySelectDropdown_Test" name="testMultipleValuesSelectionUsingMethod" time="1.177"/>
  <testcase classname="test.com.selenium.JQuerySelectDropdown_Test" name="testMultipleValuesSelectionWithSearch" time="1.941"/>
  <testcase classname="test.com.selenium.JQuerySelectDropdown_Test" name="testSingleDropdownSelection" time="0.515">
    <failure type="org.openqa.selenium.StaleElementReferenceException" message="stale element reference: stale element not found in the current frame
  (Session info: chrome=146.0.7680.178)
For documentation on this error, please visit: https://www.selenium.dev/documentation/webdriver/troubleshooting/errors#stale-element-reference-exception
Build info: version: &amp;apos;4.25.0&amp;apos;, revision: &amp;apos;8a8aea2337&amp;apos;
System info: os.name: &amp;apos;Windows 10&amp;apos;, os.arch: &amp;apos;amd64&amp;apos;, os.version: &amp;apos;10.0&amp;apos;, java.version: &amp;apos;21.0.7&amp;apos;
Driver info: org.openqa.selenium.chrome.ChromeDriver
Command: [4d38d95a64c0837be2e97bac9c22acef, findChildElements {using=xpath, value=.//option[@value = &amp;quot;India&amp;quot;], id=f.9F04C921EF216A2FCFCB3BD183C1776D.d.EFFFDD52F7A16BEE802BD7C60ED28B0E.e.868}]
Capabilities {acceptInsecureCerts: false, browserName: chrome, browserVersion: 146.0.7680.178, chrome: {chromedriverVersion: 146.0.7680.165 (4b989da09e1..., userDataDir: C:\Users\Admin\AppData\Loca...}, fedcm:accounts: true, goog:chromeOptions: {debuggerAddress: localhost:54109}, goog:processID: 484, networkConnectionEnabled: false, pageLoadStrategy: normal, platformName: windows, proxy: Proxy(), se:cdp: ws://localhost:54109/devtoo..., se:cdpVersion: 146.0.7680.178, setWindowRect: true, strictFileInteractability: false, timeouts: {implicit: 0, pageLoad: 300000, script: 30000}, unhandledPromptBehavior: dismiss and notify, webauthn:extension:credBlob: true, webauthn:extension:largeBlob: true, webauthn:extension:minPinLength: true, webauthn:extension:prf: true, webauthn:virtualAuthenticators: true}
Session ID: 4d38d95a64c0837be2e97bac9c22acef">
      <![CDATA[org.openqa.selenium.StaleElementReferenceException: stale element reference: stale element not found in the current frame
  (Session info: chrome=146.0.7680.178)
For documentation on this error, please visit: https://www.selenium.dev/documentation/webdriver/troubleshooting/errors#stale-element-reference-exception
Build info: version: '4.25.0', revision: '8a8aea2337'
System info: os.name: 'Windows 10', os.arch: 'amd64', os.version: '10.0', java.version: '21.0.7'
Driver info: org.openqa.selenium.chrome.ChromeDriver
Command: [4d38d95a64c0837be2e97bac9c22acef, findChildElements {using=xpath, value=.//option[@value = "India"], id=f.9F04C921EF216A2FCFCB3BD183C1776D.d.EFFFDD52F7A16BEE802BD7C60ED28B0E.e.868}]
Capabilities {acceptInsecureCerts: false, browserName: chrome, browserVersion: 146.0.7680.178, chrome: {chromedriverVersion: 146.0.7680.165 (4b989da09e1..., userDataDir: C:\Users\Admin\AppData\Loca...}, fedcm:accounts: true, goog:chromeOptions: {debuggerAddress: localhost:54109}, goog:processID: 484, networkConnectionEnabled: false, pageLoadStrategy: normal, platformName: windows, proxy: Proxy(), se:cdp: ws://localhost:54109/devtoo..., se:cdpVersion: 146.0.7680.178, setWindowRect: true, strictFileInteractability: false, timeouts: {implicit: 0, pageLoad: 300000, script: 30000}, unhandledPromptBehavior: dismiss and notify, webauthn:extension:credBlob: true, webauthn:extension:largeBlob: true, webauthn:extension:minPinLength: true, webauthn:extension:prf: true, webauthn:virtualAuthenticators: true}
Session ID: 4d38d95a64c0837be2e97bac9c22acef
at org.openqa.selenium.remote.ErrorCodec.decode(ErrorCodec.java:167)
at org.openqa.selenium.remote.codec.w3c.W3CHttpResponseCodec.decode(W3CHttpResponseCodec.java:138)
at org.openqa.selenium.remote.codec.w3c.W3CHttpResponseCodec.decode(W3CHttpResponseCodec.java:50)
at org.openqa.selenium.remote.HttpCommandExecutor.execute(HttpCommandExecutor.java:190)
at org.openqa.selenium.remote.service.DriverCommandExecutor.invokeExecute(DriverCommandExecutor.java:216)
at org.openqa.selenium.remote.service.DriverCommandExecutor.execute(DriverCommandExecutor.java:174)
at org.openqa.selenium.remote.RemoteWebDriver.execute(RemoteWebDriver.java:545)
at org.openqa.selenium.remote.ElementLocation$ElementFinder$2.findElements(ElementLocation.java:182)
at org.openqa.selenium.remote.ElementLocation.findElements(ElementLocation.java:103)
at org.openqa.selenium.remote.RemoteWebDriver.findElements(RemoteWebDriver.java:381)
at org.openqa.selenium.remote.RemoteWebElement.findElements(RemoteWebElement.java:203)
at org.openqa.selenium.support.ui.Select.findOptionsByValue(Select.java:287)
at org.openqa.selenium.support.ui.Select.selectByValue(Select.java:194)
at test.com.selenium.PageLocatorActions.byXpathAndSelectDropDownByValue(PageLocatorActions.java:91)
at test.com.selenium.JQuerySelectDropdown_Test.testSingleDropdownSelection(JQuerySelectDropdown_Test.java:43)
at java.base/java.util.ArrayList.forEach(ArrayList.java:1596)
... Removed 32 stack frames]]>
    </failure>
  </testcase> <!-- testSingleDropdownSelection -->
</testsuite> <!-- Surefire test -->
