<?xml version="1.0" encoding="UTF-8"?>
<testng-results ignored="0" total="8" passed="7" failed="1" skipped="0">
  <reporter-output>
  </reporter-output>
  <suite started-at="2026-04-14T21:54:54 IST" name="Surefire suite" finished-at="2026-04-14T21:55:12 IST" duration-ms="17829">
    <groups>
    </groups>
    <test started-at="2026-04-14T21:54:54 IST" name="Surefire test" finished-at="2026-04-14T21:55:12 IST" duration-ms="17829">
      <class name="test.com.selenium.JQuerySelectDropdown_Test">
        <test-method is-config="true" signature="setup()[pri:0, instance:test.com.selenium.JQuerySelectDropdown_Test@2145433b]" started-at="2026-04-14T21:54:54 IST" name="setup" finished-at="2026-04-14T21:54:59 IST" duration-ms="5156" status="PASS">
          <reporter-output>
          </reporter-output>
        </test-method> <!-- setup -->
        <test-method signature="testCategoryDropdownSelection()[pri:0, instance:test.com.selenium.JQuerySelectDropdown_Test@2145433b]" started-at="2026-04-14T21:54:59 IST" name="testCategoryDropdownSelection" finished-at="2026-04-14T21:55:01 IST" duration-ms="1602" status="PASS">
          <reporter-output>
          </reporter-output>
        </test-method> <!-- testCategoryDropdownSelection -->
        <test-method signature="testDeSelectMultipleValuesDropdownSelection()[pri:0, instance:test.com.selenium.JQuerySelectDropdown_Test@2145433b]" started-at="2026-04-14T21:55:01 IST" name="testDeSelectMultipleValuesDropdownSelection" finished-at="2026-04-14T21:55:04 IST" duration-ms="3217" status="PASS">
          <reporter-output>
          </reporter-output>
        </test-method> <!-- testDeSelectMultipleValuesDropdownSelection -->
        <test-method signature="testDisabledDropdownOption()[pri:0, instance:test.com.selenium.JQuerySelectDropdown_Test@2145433b]" started-at="2026-04-14T21:55:04 IST" name="testDisabledDropdownOption" finished-at="2026-04-14T21:55:05 IST" duration-ms="860" status="PASS">
          <reporter-output>
          </reporter-output>
        </test-method> <!-- testDisabledDropdownOption -->
        <test-method signature="testDropdownWithSearch()[pri:0, instance:test.com.selenium.JQuerySelectDropdown_Test@2145433b]" started-at="2026-04-14T21:55:05 IST" name="testDropdownWithSearch" finished-at="2026-04-14T21:55:06 IST" duration-ms="1691" status="PASS">
          <reporter-output>
          </reporter-output>
        </test-method> <!-- testDropdownWithSearch -->
        <test-method signature="testMultipleValuesDropdownSelection()[pri:0, instance:test.com.selenium.JQuerySelectDropdown_Test@2145433b]" started-at="2026-04-14T21:55:06 IST" name="testMultipleValuesDropdownSelection" finished-at="2026-04-14T21:55:08 IST" duration-ms="1322" status="PASS">
          <reporter-output>
          </reporter-output>
        </test-method> <!-- testMultipleValuesDropdownSelection -->
        <test-method signature="testMultipleValuesSelectionUsingMethod()[pri:0, instance:test.com.selenium.JQuerySelectDropdown_Test@2145433b]" started-at="2026-04-14T21:55:08 IST" name="testMultipleValuesSelectionUsingMethod" finished-at="2026-04-14T21:55:09 IST" duration-ms="1177" status="PASS">
          <reporter-output>
          </reporter-output>
        </test-method> <!-- testMultipleValuesSelectionUsingMethod -->
        <test-method signature="testMultipleValuesSelectionWithSearch()[pri:0, instance:test.com.selenium.JQuerySelectDropdown_Test@2145433b]" started-at="2026-04-14T21:55:09 IST" name="testMultipleValuesSelectionWithSearch" finished-at="2026-04-14T21:55:11 IST" duration-ms="1941" status="PASS">
          <reporter-output>
          </reporter-output>
        </test-method> <!-- testMultipleValuesSelectionWithSearch -->
        <test-method signature="testSingleDropdownSelection()[pri:0, instance:test.com.selenium.JQuerySelectDropdown_Test@2145433b]" started-at="2026-04-14T21:55:11 IST" name="testSingleDropdownSelection" finished-at="2026-04-14T21:55:11 IST" duration-ms="515" status="FAIL">
          <exception class="org.openqa.selenium.StaleElementReferenceException">
            <message>
              <![CDATA[stale element reference: stale element not found in the current frame
  (Session info: chrome=146.0.7680.178)
For documentation on this error, please visit: https://www.selenium.dev/documentation/webdriver/troubleshooting/errors#stale-element-reference-exception
Build info: version: '4.25.0', revision: '8a8aea2337'
System info: os.name: 'Windows 10', os.arch: 'amd64', os.version: '10.0', java.version: '21.0.7'
Driver info: org.openqa.selenium.chrome.ChromeDriver
Command: [4d38d95a64c0837be2e97bac9c22acef, findChildElements {using=xpath, value=.//option[@value = "India"], id=f.9F04C921EF216A2FCFCB3BD183C1776D.d.EFFFDD52F7A16BEE802BD7C60ED28B0E.e.868}]
Capabilities {acceptInsecureCerts: false, browserName: chrome, browserVersion: 146.0.7680.178, chrome: {chromedriverVersion: 146.0.7680.165 (4b989da09e1..., userDataDir: C:\Users\Admin\AppData\Loca...}, fedcm:accounts: true, goog:chromeOptions: {debuggerAddress: localhost:54109}, goog:processID: 484, networkConnectionEnabled: false, pageLoadStrategy: normal, platformName: windows, proxy: Proxy(), se:cdp: ws://localhost:54109/devtoo..., se:cdpVersion: 146.0.7680.178, setWindowRect: true, strictFileInteractability: false, timeouts: {implicit: 0, pageLoad: 300000, script: 30000}, unhandledPromptBehavior: dismiss and notify, webauthn:extension:credBlob: true, webauthn:extension:largeBlob: true, webauthn:extension:minPinLength: true, webauthn:extension:prf: true, webauthn:virtualAuthenticators: true}
Session ID: 4d38d95a64c0837be2e97bac9c22acef]]>
            </message>
            <full-stacktrace>
              <![CDATA[org.openqa.selenium.StaleElementReferenceException: stale element reference: stale element not found in the current frame
  (Session info: chrome=146.0.7680.178)
For documentation on this error, please visit: https://www.selenium.dev/documentation/webdriver/troubleshooting/errors#stale-element-reference-exception
Build info: version: '4.25.0', revision: '8a8aea2337'
System info: os.name: 'Windows 10', os.arch: 'amd64', os.version: '10.0', java.version: '21.0.7'
Driver info: org.openqa.selenium.chrome.ChromeDriver
Command: [4d38d95a64c0837be2e97bac9c22acef, findChildElements {using=xpath, value=.//option[@value = "India"], id=f.9F04C921EF216A2FCFCB3BD183C1776D.d.EFFFDD52F7A16BEE802BD7C60ED28B0E.e.868}]
Capabilities {acceptInsecureCerts: false, browserName: chrome, browserVersion: 146.0.7680.178, chrome: {chromedriverVersion: 146.0.7680.165 (4b989da09e1..., userDataDir: C:\Users\Admin\AppData\Loca...}, fedcm:accounts: true, goog:chromeOptions: {debuggerAddress: localhost:54109}, goog:processID: 484, networkConnectionEnabled: false, pageLoadStrategy: normal, platformName: windows, proxy: Proxy(), se:cdp: ws://localhost:54109/devtoo..., se:cdpVersion: 146.0.7680.178, setWindowRect: true, strictFileInteractability: false, timeouts: {implicit: 0, pageLoad: 300000, script: 30000}, unhandledPromptBehavior: dismiss and notify, webauthn:extension:credBlob: true, webauthn:extension:largeBlob: true, webauthn:extension:minPinLength: true, webauthn:extension:prf: true, webauthn:virtualAuthenticators: true}
Session ID: 4d38d95a64c0837be2e97bac9c22acef
at java.base/jdk.internal.reflect.DirectConstructorHandleAccessor.newInstance(DirectConstructorHandleAccessor.java:62)
at java.base/java.lang.reflect.Constructor.newInstanceWithCaller(Constructor.java:502)
at java.base/java.lang.reflect.Constructor.newInstance(Constructor.java:486)
at org.openqa.selenium.remote.ErrorCodec.decode(ErrorCodec.java:167)
at org.openqa.selenium.remote.codec.w3c.W3CHttpResponseCodec.decode(W3CHttpResponseCodec.java:138)
at org.openqa.selenium.remote.codec.w3c.W3CHttpResponseCodec.decode(W3CHttpResponseCodec.java:50)
at org.openqa.selenium.remote.HttpCommandExecutor.execute(HttpCommandExecutor.java:190)
at org.openqa.selenium.remote.service.DriverCommandExecutor.invokeExecute(DriverCommandExecutor.java:216)
at org.openqa.selenium.remote.service.DriverCommandExecutor.execute(DriverCommandExecutor.java:174)
at org.openqa.selenium.remote.RemoteWebDriver.execute(RemoteWebDriver.java:545)
at org.openqa.selenium.remote.ElementLocation$ElementFinder$2.findElements(ElementLocation.java:182)
at org.openqa.selenium.remote.ElementLocation.findElements(ElementLocation.java:103)
at org.openqa.selenium.remote.RemoteWebDriver.findElements(RemoteWebDriver.java:381)
at org.openqa.selenium.remote.RemoteWebElement.findElements(RemoteWebElement.java:203)
at org.openqa.selenium.support.ui.Select.findOptionsByValue(Select.java:287)
at org.openqa.selenium.support.ui.Select.selectByValue(Select.java:194)
at test.com.selenium.PageLocatorActions.byXpathAndSelectDropDownByValue(PageLocatorActions.java:91)
at test.com.selenium.JQuerySelectDropdown_Test.testSingleDropdownSelection(JQuerySelectDropdown_Test.java:43)
at java.base/jdk.internal.reflect.DirectMethodHandleAccessor.invoke(DirectMethodHandleAccessor.java:103)
at java.base/java.lang.reflect.Method.invoke(Method.java:580)
at org.testng.internal.invokers.MethodInvocationHelper.invokeMethod(MethodInvocationHelper.java:139)
at org.testng.internal.invokers.TestInvoker.invokeMethod(TestInvoker.java:677)
at org.testng.internal.invokers.TestInvoker.invokeTestMethod(TestInvoker.java:221)
at org.testng.internal.invokers.MethodRunner.runInSequence(MethodRunner.java:50)
at org.testng.internal.invokers.TestInvoker$MethodInvocationAgent.invoke(TestInvoker.java:969)
at org.testng.internal.invokers.TestInvoker.invokeTestMethods(TestInvoker.java:194)
at org.testng.internal.invokers.TestMethodWorker.invokeTestMethods(TestMethodWorker.java:148)
at org.testng.internal.invokers.TestMethodWorker.run(TestMethodWorker.java:128)
at java.base/java.util.ArrayList.forEach(ArrayList.java:1596)
at org.testng.TestRunner.privateRun(TestRunner.java:829)
at org.testng.TestRunner.run(TestRunner.java:602)
at org.testng.SuiteRunner.runTest(SuiteRunner.java:437)
at org.testng.SuiteRunner.runSequentially(SuiteRunner.java:431)
at org.testng.SuiteRunner.privateRun(SuiteRunner.java:391)
at org.testng.SuiteRunner.run(SuiteRunner.java:330)
at org.testng.SuiteRunnerWorker.runSuite(SuiteRunnerWorker.java:52)
at org.testng.SuiteRunnerWorker.run(SuiteRunnerWorker.java:95)
at org.testng.TestNG.runSuitesSequentially(TestNG.java:1256)
at org.testng.TestNG.runSuitesLocally(TestNG.java:1176)
at org.testng.TestNG.runSuites(TestNG.java:1099)
at org.testng.TestNG.run(TestNG.java:1067)
at org.apache.maven.surefire.testng.TestNGExecutor.run(TestNGExecutor.java:132)
at org.apache.maven.surefire.testng.TestNGDirectoryTestSuite.executeSingleClass(TestNGDirectoryTestSuite.java:134)
at org.apache.maven.surefire.testng.TestNGDirectoryTestSuite.execute(TestNGDirectoryTestSuite.java:118)
at org.apache.maven.surefire.testng.TestNGProvider.invoke(TestNGProvider.java:146)
at org.apache.maven.surefire.booter.ForkedBooter.invokeProviderInSameClassLoader(ForkedBooter.java:286)
at org.apache.maven.surefire.booter.ForkedBooter.runSuitesInProcess(ForkedBooter.java:240)
at org.apache.maven.surefire.booter.ForkedBooter.main(ForkedBooter.java:121)
]]>
            </full-stacktrace>
          </exception> <!-- org.openqa.selenium.StaleElementReferenceException -->
          <reporter-output>
          </reporter-output>
        </test-method> <!-- testSingleDropdownSelection -->
        <test-method is-config="true" signature="teardown()[pri:0, instance:test.com.selenium.JQuerySelectDropdown_Test@2145433b]" started-at="2026-04-14T21:55:11 IST" name="teardown" finished-at="2026-04-14T21:55:12 IST" duration-ms="274" status="PASS">
          <reporter-output>
          </reporter-output>
        </test-method> <!-- teardown -->
      </class> <!-- test.com.selenium.JQuerySelectDropdown_Test -->
    </test> <!-- Surefire test -->
  </suite> <!-- Surefire suite -->
</testng-results>
