<?xml version="1.0" encoding="UTF-8"?>
<testsuite xmlns:xsi="http://www.w3.org/2001/XMLSchema-instance" xsi:schemaLocation="https://maven.apache.org/surefire/maven-surefire-plugin/xsd/surefire-test-report.xsd" name="test.com.selenium.JQuerySelectDropdown_Test" time="18.666" tests="8" errors="0" skipped="0" failures="1">
  <properties>
[...]
</properties>
  <testcase name="testCategoryDropdownSelection" classname="test.com.selenium.JQuerySelectDropdown_Test" time="1.608"/>
  <testcase name="testDeSelectMultipleValuesDropdownSelection" classname="test.com.selenium.JQuerySelectDropdown_Test" time="3.212"/>
  <testcase name="testDisabledDropdownOption" classname="test.com.selenium.JQuerySelectDropdown_Test" time="0.86"/>
  <testcase name="testDropdownWithSearch" classname="test.com.selenium.JQuerySelectDropdown_Test" time="1.691"/>
  <testcase name="testMultipleValuesDropdownSelection" classname="test.com.selenium.JQuerySelectDropdown_Test" time="1.322"/>
  <testcase name="testMultipleValuesSelectionUsingMethod" classname="test.com.selenium.JQuerySelectDropdown_Test" time="1.176"/>
  <testcase name="testMultipleValuesSelectionWithSearch" classname="test.com.selenium.JQuerySelectDropdown_Test" time="1.942"/>
  <testcase name="testSingleDropdownSelection" classname="test.com.selenium.JQuerySelectDropdown_Test" time="0.538">
    <failure message="stale element reference: stale element not found in the current frame&#10;  (Session info: chrome=146.0.7680.178)&#10;For documentation on this error, please visit: https://www.selenium.dev/documentation/webdriver/troubleshooting/errors#stale-element-reference-exception&#10;Build info: version: &apos;4.25.0&apos;, revision: &apos;8a8aea2337&apos;&#10;System info: os.name: &apos;Windows 10&apos;, os.arch: &apos;amd64&apos;, os.version: &apos;10.0&apos;, java.version: &apos;21.0.7&apos;&#10;Driver info: org.openqa.selenium.chrome.ChromeDriver&#10;Command: [4d38d95a64c0837be2e97bac9c22acef, findChildElements {using=xpath, value=.//option[@value = &quot;India&quot;], id=f.9F04C921EF216A2FCFCB3BD183C1776D.d.EFFFDD52F7A16BEE802BD7C60ED28B0E.e.868}]&#10;Capabilities {acceptInsecureCerts: false, browserName: chrome, browserVersion: 146.0.7680.178, chrome: {chromedriverVersion: 146.0.7680.165 (4b989da09e1..., userDataDir: C:\Users\Admin\AppData\Loca...}, fedcm:accounts: true, goog:chromeOptions: {debuggerAddress: localhost:54109}, goog:processID: 484, networkConnectionEnabled: false, pageLoadStrategy: normal, platformName: windows, proxy: Proxy(), se:cdp: ws://localhost:54109/devtoo..., se:cdpVersion: 146.0.7680.178, setWindowRect: true, strictFileInteractability: false, timeouts: {implicit: 0, pageLoad: 300000, script: 30000}, unhandledPromptBehavior: dismiss and notify, webauthn:extension:credBlob: true, webauthn:extension:largeBlob: true, webauthn:extension:minPinLength: true, webauthn:extension:prf: true, webauthn:virtualAuthenticators: true}&#10;Session ID: 4d38d95a64c0837be2e97bac9c22acef" type="org.openqa.selenium.StaleElementReferenceException">org.openqa.selenium.StaleElementReferenceException: 
stale element reference: stale element not found in the current frame
  (Session info: chrome=146.0.7680.178)
For documentation on this error, please visit: https://www.selenium.dev/documentation/webdriver/troubleshooting/errors#stale-element-reference-exception
Build info: version: '4.25.0', revision: '8a8aea2337'
System info: os.name: 'Windows 10', os.arch: 'amd64', os.version: '10.0', java.version: '21.0.7'
Driver info: org.openqa.selenium.chrome.ChromeDriver
Command: [4d38d95a64c0837be2e97bac9c22acef, findChildElements {using=xpath, value=.//option[@value = "India"], id=f.9F04C921EF216A2FCFCB3BD183C1776D.d.EFFFDD52F7A16BEE802BD7C60ED28B0E.e.868}]
Capabilities {acceptInsecureCerts: false, browserName: chrome, browserVersion: 146.0.7680.178, chrome: {chromedriverVersion: 146.0.7680.165 (4b989da09e1..., userDataDir: C:\Users\Admin\AppData\Loca...}, fedcm:accounts: true, goog:chromeOptions: {debuggerAddress: localhost:54109}, goog:processID: 484, networkConnectionEnabled: false, pageLoadStrategy: normal, platformName: windows, proxy: Proxy(), se:cdp: ws://localhost:54109/devtoo..., se:cdpVersion: 146.0.7680.178, setWindowRect: true, strictFileInteractability: false, timeouts: {implicit: 0, pageLoad: 300000, script: 30000}, unhandledPromptBehavior: dismiss and notify, webauthn:extension:credBlob: true, webauthn:extension:largeBlob: true, webauthn:extension:minPinLength: true, webauthn:extension:prf: true, webauthn:virtualAuthenticators: true}
Session ID: 4d38d95a64c0837be2e97bac9c22acef
	at test.com.selenium.JQuerySelectDropdown_Test.testSingleDropdownSelection(JQuerySelectDropdown_Test.java:43)
</failure>
  </testcase>
</testsuite>